[Thu Dec 25 04:49:20 2025] Long-term problem solving loop initiated.
[Thu Dec 25 04:49:20 2025] Triggering reasoning cycle...
[Thu Dec 25 04:49:22 2025] Reasoning cycle failed with exit code 1.
[Thu Dec 25 04:49:22 2025] Error: Traceback (most recent call last):
  File "C:\SarahCore\Sarah_Brain.py", line 127, in <module>
    brain.run()
  File "C:\SarahCore\Sarah_Brain.py", line 86, in run
    self.reasoning.process_goals()
  File "C:\SarahCore\Sarah_Reasoning.py", line 106, in process_goals
    self.log_thought(goal_id, f"Reasoning cycle completed at {time.ctime()}")
  File "C:\SarahCore\Sarah_Reasoning.py", line 111, in log_thought
    'updated_at': db.ServerValue.TIMESTAMP
                  ^^^^^^^^^^^^^^
AttributeError: module 'firebase_admin.db' has no attribute 'ServerValue'
[Fri Dec 26 07:16:40 2025] Long-term problem solving loop initiated.
[Fri Dec 26 07:16:40 2025] Triggering reasoning cycle...
[Fri Dec 26 07:17:27 2025] Reasoning cycle completed successfully.
[Fri Dec 26 07:17:27 2025] Output: [Calendar] credentials.json not found in 04_THE_MEMORY. Calendar sync disabled.
[ADMIN CORE]: WARNING -> Insufficient Privileges. Read-Only Mode.
[Sarah] Initializing Neural Memory System (NMS)...
[Sarah] Initializing Subconscious (Dreaming Protocol)...
[DREAM] Subconscious Protocol: ACTIVE
[Sarah] Engaging SAUL Autonomy Engine...
[SAUL] Autonomous Indexing Loop: ACTIVE
[Chat] Brain Components Injected: Kernel, Logic, Gap Analysis.
[SAUL] Google Ingest Error: '<' not supported between instances ... [TRUNCATED]
[Fri Dec 26 07:17:27 2025] Sleeping for 60 seconds...
[Fri Dec 26 07:18:27 2025] Triggering reasoning cycle...
[Fri Dec 26 07:19:10 2025] Reasoning cycle completed successfully.
[Fri Dec 26 07:19:10 2025] Output: [Calendar] credentials.json not found in 04_THE_MEMORY. Calendar sync disabled.
[ADMIN CORE]: WARNING -> Insufficient Privileges. Read-Only Mode.
[Sarah] Initializing Neural Memory System (NMS)...
[Sarah] Initializing Subconscious (Dreaming Protocol)...
[DREAM] Subconscious Protocol: ACTIVE
[Sarah] Engaging SAUL Autonomy Engine...
[SAUL] Autonomous Indexing Loop: ACTIVE
[Chat] Brain Components Injected: Kernel, Logic, Gap Analysis.
[SAUL] Google Ingest Error: '<' not supported between instances ... [TRUNCATED]
[Fri Dec 26 07:19:10 2025] Sleeping for 60 seconds...
